2021-06-18 06:43:18.742  INFO [inventory,,,] 12936 --- [restartedMain] h.p.inventory.InventoryApplication       : The following profiles are active: embedded
2021-06-18 06:43:19.155  INFO [inventory,,,] 12936 --- [restartedMain] .s.d.r.c.RepositoryConfigurationDelegate : Bootstrapping Spring Data JPA repositories in DEFAULT mode.
2021-06-18 06:43:19.171  INFO [inventory,,,] 12936 --- [restartedMain] .s.d.r.c.RepositoryConfigurationDelegate : Finished Spring Data repository scanning in 15ms. Found 2 JPA repository interfaces.
2021-06-18 06:43:19.317  INFO [inventory,,,] 12936 --- [restartedMain] o.s.cloud.context.scope.GenericScope     : BeanFactory id=5db6e00b-ceca-3c8c-80b4-4fed81081f2d
2021-06-18 06:43:20.462  INFO [inventory,,,] 12936 --- [restartedMain] o.s.b.w.embedded.tomcat.TomcatWebServer  : Tomcat initialized with port(s): 8080 (http)
2021-06-18 06:43:20.463  INFO [inventory,,,] 12936 --- [restartedMain] o.apache.catalina.core.StandardService   : Starting service [Tomcat]
2021-06-18 06:43:20.463  INFO [inventory,,,] 12936 --- [restartedMain] org.apache.catalina.core.StandardEngine  : Starting Servlet engine: [Apache Tomcat/9.0.46]
2021-06-18 06:43:21.010  INFO [inventory,,,] 12936 --- [restartedMain] o.a.c.c.C.[Tomcat].[localhost].[/]       : Initializing Spring embedded WebApplicationContext
2021-06-18 06:43:21.010  INFO [inventory,,,] 12936 --- [restartedMain] w.s.c.ServletWebServerApplicationContext : Root WebApplicationContext: initialization completed in 2265 ms
2021-06-18 06:43:21.075  WARN [inventory,,,] 12936 --- [restartedMain] c.n.c.sources.URLConfigurationSource     : No URLs will be polled as dynamic configuration sources.
2021-06-18 06:43:21.075  INFO [inventory,,,] 12936 --- [restartedMain] c.n.c.sources.URLConfigurationSource     : To enable URLs as dynamic configuration sources, define System property archaius.configurationSource.additionalUrls or make config.properties available on classpath.
2021-06-18 06:43:21.079  INFO [inventory,,,] 12936 --- [restartedMain] c.netflix.config.DynamicPropertyFactory  : DynamicPropertyFactory is initialized with configuration sources: com.netflix.config.ConcurrentCompositeConfiguration@5f91086d
2021-06-18 06:43:21.114  INFO [inventory,,,] 12936 --- [restartedMain] com.zaxxer.hikari.HikariDataSource       : HikariPool-9 - Starting...
2021-06-18 06:43:21.116  INFO [inventory,,,] 12936 --- [restartedMain] com.zaxxer.hikari.HikariDataSource       : HikariPool-9 - Start completed.
2021-06-18 06:43:21.121  INFO [inventory,,,] 12936 --- [restartedMain] o.s.b.a.h2.H2ConsoleAutoConfiguration    : H2 console available at '/console'. Database available at 'jdbc:h2:mem:testdb'
2021-06-18 06:43:21.619  INFO [inventory,,,] 12936 --- [restartedMain] o.s.b.a.e.web.ServletEndpointRegistrar   : Registered '/hystrix.stream' to hystrix.stream-actuator-endpoint
2021-06-18 06:43:21.629  INFO [inventory,,,] 12936 --- [restartedMain] o.s.b.d.a.OptionalLiveReloadServer       : LiveReload server is running on port 35729
2021-06-18 06:43:21.677  INFO [inventory,,,] 12936 --- [restartedMain] o.hibernate.jpa.internal.util.LogHelper  : HHH000204: Processing PersistenceUnitInfo [name: default]
2021-06-18 06:43:21.682  INFO [inventory,,,] 12936 --- [restartedMain] org.hibernate.dialect.Dialect            : HHH000400: Using dialect: org.hibernate.dialect.H2Dialect
2021-06-18 06:43:21.707  INFO [inventory,,,] 12936 --- [restartedMain] o.h.e.t.j.p.i.JtaPlatformInitiator       : HHH000490: Using JtaPlatform implementation: [org.hibernate.engine.transaction.jta.platform.internal.NoJtaPlatform]
2021-06-18 06:43:21.707  INFO [inventory,,,] 12936 --- [restartedMain] j.LocalContainerEntityManagerFactoryBean : Initialized JPA EntityManagerFactory for persistence unit 'default'
2021-06-18 06:43:21.877  WARN [inventory,,,] 12936 --- [restartedMain] c.n.c.sources.URLConfigurationSource     : No URLs will be polled as dynamic configuration sources.
2021-06-18 06:43:21.878  INFO [inventory,,,] 12936 --- [restartedMain] c.n.c.sources.URLConfigurationSource     : To enable URLs as dynamic configuration sources, define System property archaius.configurationSource.additionalUrls or make config.properties available on classpath.
2021-06-18 06:43:21.934  WARN [inventory,,,] 12936 --- [restartedMain] JpaBaseConfiguration$JpaWebConfiguration : spring.jpa.open-in-view is enabled by default. Therefore, database queries may be performed during view rendering. Explicitly configure spring.jpa.open-in-view to disable this warning
2021-06-18 06:43:22.055  INFO [inventory,,,] 12936 --- [restartedMain] o.s.s.concurrent.ThreadPoolTaskExecutor  : Initializing ExecutorService 'applicationTaskExecutor'
2021-06-18 06:43:22.447  INFO [inventory,,,] 12936 --- [restartedMain] DiscoveryClientOptionalArgsConfiguration : Eureka HTTP Client uses Jersey
2021-06-18 06:43:22.472  WARN [inventory,,,] 12936 --- [restartedMain] ockingLoadBalancerClientRibbonWarnLogger : You already have RibbonLoadBalancerClient on your classpath. It will be used by default. As Spring Cloud Ribbon is in maintenance mode. We recommend switching to BlockingLoadBalancerClient instead. In order to use it, set the value of `spring.cloud.loadbalancer.ribbon.enabled` to `false` or remove spring-cloud-starter-netflix-ribbon from your project.
2021-06-18 06:43:22.671  INFO [inventory,,,] 12936 --- [restartedMain] o.s.b.a.e.web.EndpointLinksResolver      : Exposing 19 endpoint(s) beneath base path ''
2021-06-18 06:43:22.701  INFO [inventory,,,] 12936 --- [restartedMain] o.s.c.n.eureka.InstanceInfoFactory       : Setting initial instance status as: STARTING
2021-06-18 06:43:22.704  INFO [inventory,,,] 12936 --- [restartedMain] com.netflix.discovery.DiscoveryClient    : Initializing Eureka in region us-east-1
2021-06-18 06:43:22.707  INFO [inventory,,,] 12936 --- [restartedMain] c.n.d.provider.DiscoveryJerseyProvider   : Using JSON encoding codec LegacyJacksonJson
2021-06-18 06:43:22.707  INFO [inventory,,,] 12936 --- [restartedMain] c.n.d.provider.DiscoveryJerseyProvider   : Using JSON decoding codec LegacyJacksonJson
2021-06-18 06:43:22.708  INFO [inventory,,,] 12936 --- [restartedMain] c.n.d.provider.DiscoveryJerseyProvider   : Using XML encoding codec XStreamXml
2021-06-18 06:43:22.708  INFO [inventory,,,] 12936 --- [restartedMain] c.n.d.provider.DiscoveryJerseyProvider   : Using XML decoding codec XStreamXml
2021-06-18 06:43:23.043  INFO [inventory,,,] 12936 --- [restartedMain] c.n.d.s.r.aws.ConfigClusterResolver      : Resolving eureka endpoints via configuration
2021-06-18 06:43:23.043  INFO [inventory,,,] 12936 --- [restartedMain] com.netflix.discovery.DiscoveryClient    : Disable delta property : false
2021-06-18 06:43:23.044  INFO [inventory,,,] 12936 --- [restartedMain] com.netflix.discovery.DiscoveryClient    : Single vip registry refresh property : null
2021-06-18 06:43:23.048  INFO [inventory,,,] 12936 --- [restartedMain] com.netflix.discovery.DiscoveryClient    : Force full registry fetch : false
2021-06-18 06:43:23.049  INFO [inventory,,,] 12936 --- [restartedMain] com.netflix.discovery.DiscoveryClient    : Application is null : false
2021-06-18 06:43:23.050  INFO [inventory,,,] 12936 --- [restartedMain] com.netflix.discovery.DiscoveryClient    : Registered Applications size is zero : true
2021-06-18 06:43:23.053  INFO [inventory,,,] 12936 --- [restartedMain] com.netflix.discovery.DiscoveryClient    : Application version is -1: true
2021-06-18 06:43:23.055  INFO [inventory,,,] 12936 --- [restartedMain] com.netflix.discovery.DiscoveryClient    : Getting all instance registry info from the eureka server
2021-06-18 06:43:23.095  INFO [inventory,,,] 12936 --- [restartedMain] com.netflix.discovery.DiscoveryClient    : The response status is 200
2021-06-18 06:43:23.096  INFO [inventory,,,] 12936 --- [restartedMain] com.netflix.discovery.DiscoveryClient    : Starting heartbeat executor: renew interval is: 30
2021-06-18 06:43:23.097  INFO [inventory,,,] 12936 --- [restartedMain] c.n.discovery.InstanceInfoReplicator     : InstanceInfoReplicator onDemand update allowed rate per min is 4
2021-06-18 06:43:23.098  INFO [inventory,,,] 12936 --- [restartedMain] com.netflix.discovery.DiscoveryClient    : Discovery Client initialized at timestamp 1623978803097 with initial instances count: 1
2021-06-18 06:43:23.114  INFO [inventory,,,] 12936 --- [restartedMain] o.s.c.n.e.s.EurekaServiceRegistry        : Registering application INVENTORY with eureka with status UP
2021-06-18 06:43:23.114  INFO [inventory,,,] 12936 --- [restartedMain] com.netflix.discovery.DiscoveryClient    : Saw local status change event StatusChangeEvent [timestamp=1623978803114, current=UP, previous=STARTING]
2021-06-18 06:43:23.115  INFO [inventory,,,] 12936 --- [DiscoveryClient-InstanceInfoReplicator-0] com.netflix.discovery.DiscoveryClient    : DiscoveryClient_INVENTORY/DS-GFGW7Q2.HCLT.CORP.HCL.IN:inventory: registering service...
2021-06-18 06:43:23.140  INFO [inventory,,,] 12936 --- [restartedMain] o.s.b.w.embedded.tomcat.TomcatWebServer  : Tomcat started on port(s): 8080 (http) with context path ''
2021-06-18 06:43:23.140  INFO [inventory,,,] 12936 --- [restartedMain] .s.c.n.e.s.EurekaAutoServiceRegistration : Updating port to 8080
2021-06-18 06:43:23.159  INFO [inventory,,,] 12936 --- [DiscoveryClient-InstanceInfoReplicator-0] com.netflix.discovery.DiscoveryClient    : DiscoveryClient_INVENTORY/DS-GFGW7Q2.HCLT.CORP.HCL.IN:inventory - registration status: 204
2021-06-18 06:43:23.237  INFO [inventory,,,] 12936 --- [restartedMain] h.p.inventory.InventoryApplication       : Started InventoryApplication in 4.821 seconds (JVM running for 998.271)
2021-06-18 06:43:23.250  INFO [inventory,,,] 12936 --- [restartedMain] .ConditionEvaluationDeltaLoggingListener : Condition evaluation delta:


==========================
CONDITION EVALUATION DELTA
==========================


Positive matches:
-----------------

   LogFileWebEndpointAutoConfiguration#logFileWebEndpoint matched:
      - Log File found logging.file.name application.log (LogFileWebEndpointAutoConfiguration.LogFileCondition)
      - @ConditionalOnMissingBean (types: org.springframework.boot.actuate.logging.LogFileWebEndpoint; SearchStrategy: all) did not find any beans (OnBeanCondition)


Negative matches:
-----------------

    None


Exclusions:
-----------

    None


Unconditional classes:
----------------------

    None



2021-06-18 06:44:55.795  INFO [inventory,,,] 12936 --- [http-nio-8080-exec-6] o.a.c.c.C.[Tomcat].[localhost].[/]       : Initializing Spring DispatcherServlet 'dispatcherServlet'
2021-06-18 06:44:55.796  INFO [inventory,,,] 12936 --- [http-nio-8080-exec-6] o.s.web.servlet.DispatcherServlet        : Initializing Servlet 'dispatcherServlet'
2021-06-18 06:44:55.822  INFO [inventory,,,] 12936 --- [http-nio-8080-exec-6] o.s.web.servlet.DispatcherServlet        : Completed initialization in 25 ms
2021-06-18 06:44:55.831  INFO [inventory,a012fa888d546d2e,ec994a8af2ccd07e,true] 12936 --- [hystrix-InventoryService-1] h.p.inventory.service.InventoryService   : Input Received ProductDTO [productName=DOLO, price=500, availableUnits=300]
2021-06-18 06:44:55.889  INFO [inventory,a012fa888d546d2e,983f3011653882b6,true] 12936 --- [hystrix-InventoryService-1] c.netflix.config.ChainedDynamicProperty  : Flipping property: purchase-order.ribbon.ActiveConnectionsLimit to use NEXT property: niws.loadbalancer.availabilityFilteringRule.activeConnectionsLimit = 2147483647
2021-06-18 06:44:55.891  INFO [inventory,a012fa888d546d2e,983f3011653882b6,true] 12936 --- [hystrix-InventoryService-1] c.n.u.concurrent.ShutdownEnabledTimer    : Shutdown hook installed for: NFLoadBalancer-PingTimer-purchase-order
2021-06-18 06:44:55.891  INFO [inventory,a012fa888d546d2e,983f3011653882b6,true] 12936 --- [hystrix-InventoryService-1] c.netflix.loadbalancer.BaseLoadBalancer  : Client: purchase-order instantiated a LoadBalancer: DynamicServerListLoadBalancer:{NFLoadBalancer:name=purchase-order,current list of Servers=[],Load balancer stats=Zone stats: {},Server stats: []}ServerList:null
2021-06-18 06:44:55.894  INFO [inventory,a012fa888d546d2e,983f3011653882b6,true] 12936 --- [hystrix-InventoryService-1] c.n.l.DynamicServerListLoadBalancer      : Using serverListUpdater PollingServerListUpdater
2021-06-18 06:44:55.895  INFO [inventory,a012fa888d546d2e,983f3011653882b6,true] 12936 --- [hystrix-InventoryService-1] c.n.l.DynamicServerListLoadBalancer      : DynamicServerListLoadBalancer for client purchase-order initialized: DynamicServerListLoadBalancer:{NFLoadBalancer:name=purchase-order,current list of Servers=[],Load balancer stats=Zone stats: {},Server stats: []}ServerList:org.springframework.cloud.netflix.ribbon.eureka.DomainExtractingServerList@542de445
2021-06-18 06:45:03.105  INFO [inventory,09c7d54b8c19001d,54299b6ff03f882c,true] 12936 --- [hystrix-InventoryService-2] h.p.inventory.service.InventoryService   : Input Received ProductDTO [productName=DOLO, price=500, availableUnits=300]
2021-06-18 06:45:03.663  INFO [inventory,7dc24dd1d883fbb4,988648644c1ddad7,true] 12936 --- [hystrix-InventoryService-3] h.p.inventory.service.InventoryService   : Input Received ProductDTO [productName=DOLO, price=500, availableUnits=300]
2021-06-18 06:45:04.147  INFO [inventory,dcf6931e1203985f,cbe986663069a779,true] 12936 --- [hystrix-InventoryService-4] h.p.inventory.service.InventoryService   : Input Received ProductDTO [productName=DOLO, price=500, availableUnits=300]
2021-06-18 06:45:04.510  INFO [inventory,6e4aad8f66c25f36,9cbe00d2a7941e90,true] 12936 --- [hystrix-InventoryService-5] h.p.inventory.service.InventoryService   : Input Received ProductDTO [productName=DOLO, price=500, availableUnits=300]
2021-06-18 06:48:23.060  INFO [inventory,,,] 12936 --- [AsyncResolver-bootstrap-executor-0] c.n.d.s.r.aws.ConfigClusterResolver      : Resolving eureka endpoints via configuration
2021-06-18 06:53:23.062  INFO [inventory,,,] 12936 --- [AsyncResolver-bootstrap-executor-0] c.n.d.s.r.aws.ConfigClusterResolver      : Resolving eureka endpoints via configuration
2021-06-18 06:58:23.064  INFO [inventory,,,] 12936 --- [AsyncResolver-bootstrap-executor-0] c.n.d.s.r.aws.ConfigClusterResolver      : Resolving eureka endpoints via configuration
2021-06-18 07:00:36.413  INFO [inventory,,,] 12936 --- [Thread-82] o.s.c.n.e.s.EurekaServiceRegistry        : Unregistering application INVENTORY with eureka with status DOWN
2021-06-18 07:00:36.413  INFO [inventory,,,] 12936 --- [Thread-82] com.netflix.discovery.DiscoveryClient    : Saw local status change event StatusChangeEvent [timestamp=1623979836413, current=DOWN, previous=UP]
2021-06-18 07:00:36.419  INFO [inventory,,,] 12936 --- [DiscoveryClient-InstanceInfoReplicator-0] com.netflix.discovery.DiscoveryClient    : DiscoveryClient_INVENTORY/DS-GFGW7Q2.HCLT.CORP.HCL.IN:inventory: registering service...
2021-06-18 07:00:36.500  INFO [inventory,,,] 12936 --- [DiscoveryClient-InstanceInfoReplicator-0] com.netflix.discovery.DiscoveryClient    : DiscoveryClient_INVENTORY/DS-GFGW7Q2.HCLT.CORP.HCL.IN:inventory - registration status: 204
2021-06-18 07:00:36.553  INFO [inventory,,,] 12936 --- [Thread-82] o.s.s.concurrent.ThreadPoolTaskExecutor  : Shutting down ExecutorService 'applicationTaskExecutor'
2021-06-18 07:00:36.556  INFO [inventory,,,] 12936 --- [Thread-82] j.LocalContainerEntityManagerFactoryBean : Closing JPA EntityManagerFactory for persistence unit 'default'
2021-06-18 07:00:36.556  INFO [inventory,,,] 12936 --- [Thread-82] .SchemaDropperImpl$DelayedDropActionImpl : HHH000477: Starting delayed evictData of schema as part of SessionFactory shut-down'
2021-06-18 07:00:36.758  WARN [inventory,,,] 12936 --- [Thread-82] o.s.b.f.support.DisposableBeanAdapter    : Invocation of destroy method failed on bean with name 'inMemoryDatabaseShutdownExecutor': org.h2.jdbc.JdbcSQLNonTransientConnectionException: Database is already closed (to disable automatic closing at VM shutdown, add ";DB_CLOSE_ON_EXIT=FALSE" to the db URL) [90121-200]
2021-06-18 07:00:37.167  INFO [inventory,,,] 12936 --- [Thread-82] c.n.u.concurrent.ShutdownEnabledTimer    : Shutdown hook removed for: NFLoadBalancer-PingTimer-purchase-order
2021-06-18 07:00:37.170  INFO [inventory,,,] 12936 --- [Thread-82] com.zaxxer.hikari.HikariDataSource       : HikariPool-9 - Shutdown initiated...
2021-06-18 07:00:37.200  INFO [inventory,,,] 12936 --- [Thread-82] com.zaxxer.hikari.HikariDataSource       : HikariPool-9 - Shutdown completed.
2021-06-18 07:00:37.203  INFO [inventory,,,] 12936 --- [Thread-82] com.netflix.discovery.DiscoveryClient    : Shutting down DiscoveryClient ...
2021-06-18 07:00:40.207  INFO [inventory,,,] 12936 --- [Thread-82] com.netflix.discovery.DiscoveryClient    : Unregistering ...
2021-06-18 07:00:40.238  INFO [inventory,,,] 12936 --- [Thread-82] com.netflix.discovery.DiscoveryClient    : DiscoveryClient_INVENTORY/DS-GFGW7Q2.HCLT.CORP.HCL.IN:inventory - deregister  status: 200
2021-06-18 07:00:40.248  INFO [inventory,,,] 12936 --- [Thread-82] com.netflix.discovery.DiscoveryClient    : Completed shut down of DiscoveryClient
2021-06-18 07:00:41.020  INFO [inventory,,,] 12936 --- [restartedMain] h.p.inventory.InventoryApplication       : The following profiles are active: embedded
2021-06-18 07:00:41.719  INFO [inventory,,,] 12936 --- [restartedMain] .s.d.r.c.RepositoryConfigurationDelegate : Bootstrapping Spring Data JPA repositories in DEFAULT mode.
2021-06-18 07:00:41.756  INFO [inventory,,,] 12936 --- [restartedMain] .s.d.r.c.RepositoryConfigurationDelegate : Finished Spring Data repository scanning in 37ms. Found 2 JPA repository interfaces.
2021-06-18 07:00:41.903  INFO [inventory,,,] 12936 --- [restartedMain] o.s.cloud.context.scope.GenericScope     : BeanFactory id=5db6e00b-ceca-3c8c-80b4-4fed81081f2d
2021-06-18 07:00:43.521  INFO [inventory,,,] 12936 --- [restartedMain] o.s.b.w.embedded.tomcat.TomcatWebServer  : Tomcat initialized with port(s): 8080 (http)
2021-06-18 07:00:43.522  INFO [inventory,,,] 12936 --- [restartedMain] o.apache.catalina.core.StandardService   : Starting service [Tomcat]
2021-06-18 07:00:43.522  INFO [inventory,,,] 12936 --- [restartedMain] org.apache.catalina.core.StandardEngine  : Starting Servlet engine: [Apache Tomcat/9.0.46]
2021-06-18 07:00:44.077  INFO [inventory,,,] 12936 --- [restartedMain] o.a.c.c.C.[Tomcat].[localhost].[/]       : Initializing Spring embedded WebApplicationContext
2021-06-18 07:00:44.077  INFO [inventory,,,] 12936 --- [restartedMain] w.s.c.ServletWebServerApplicationContext : Root WebApplicationContext: initialization completed in 3052 ms
2021-06-18 07:00:44.152  WARN [inventory,,,] 12936 --- [restartedMain] c.n.c.sources.URLConfigurationSource     : No URLs will be polled as dynamic configuration sources.
2021-06-18 07:00:44.152  INFO [inventory,,,] 12936 --- [restartedMain] c.n.c.sources.URLConfigurationSource     : To enable URLs as dynamic configuration sources, define System property archaius.configurationSource.additionalUrls or make config.properties available on classpath.
2021-06-18 07:00:44.156  INFO [inventory,,,] 12936 --- [restartedMain] c.netflix.config.DynamicPropertyFactory  : DynamicPropertyFactory is initialized with configuration sources: com.netflix.config.ConcurrentCompositeConfiguration@5b185705
2021-06-18 07:00:44.190  INFO [inventory,,,] 12936 --- [restartedMain] com.zaxxer.hikari.HikariDataSource       : HikariPool-10 - Starting...
2021-06-18 07:00:44.191  INFO [inventory,,,] 12936 --- [restartedMain] com.zaxxer.hikari.HikariDataSource       : HikariPool-10 - Start completed.
2021-06-18 07:00:44.221  INFO [inventory,,,] 12936 --- [restartedMain] o.s.b.a.h2.H2ConsoleAutoConfiguration    : H2 console available at '/console'. Database available at 'jdbc:h2:mem:testdb'
2021-06-18 07:00:44.842  INFO [inventory,,,] 12936 --- [restartedMain] o.s.b.a.e.web.ServletEndpointRegistrar   : Registered '/hystrix.stream' to hystrix.stream-actuator-endpoint
2021-06-18 07:00:44.873  INFO [inventory,,,] 12936 --- [restartedMain] o.s.b.d.a.OptionalLiveReloadServer       : LiveReload server is running on port 35729
2021-06-18 07:00:44.920  INFO [inventory,,,] 12936 --- [restartedMain] o.hibernate.jpa.internal.util.LogHelper  : HHH000204: Processing PersistenceUnitInfo [name: default]
2021-06-18 07:00:44.925  INFO [inventory,,,] 12936 --- [restartedMain] org.hibernate.dialect.Dialect            : HHH000400: Using dialect: org.hibernate.dialect.H2Dialect
2021-06-18 07:00:44.949  INFO [inventory,,,] 12936 --- [restartedMain] o.h.e.t.j.p.i.JtaPlatformInitiator       : HHH000490: Using JtaPlatform implementation: [org.hibernate.engine.transaction.jta.platform.internal.NoJtaPlatform]
2021-06-18 07:00:44.950  INFO [inventory,,,] 12936 --- [restartedMain] j.LocalContainerEntityManagerFactoryBean : Initialized JPA EntityManagerFactory for persistence unit 'default'
2021-06-18 07:00:45.146  WARN [inventory,,,] 12936 --- [restartedMain] c.n.c.sources.URLConfigurationSource     : No URLs will be polled as dynamic configuration sources.
2021-06-18 07:00:45.146  INFO [inventory,,,] 12936 --- [restartedMain] c.n.c.sources.URLConfigurationSource     : To enable URLs as dynamic configuration sources, define System property archaius.configurationSource.additionalUrls or make config.properties available on classpath.
2021-06-18 07:00:45.240  WARN [inventory,,,] 12936 --- [restartedMain] JpaBaseConfiguration$JpaWebConfiguration : spring.jpa.open-in-view is enabled by default. Therefore, database queries may be performed during view rendering. Explicitly configure spring.jpa.open-in-view to disable this warning
2021-06-18 07:00:45.390  INFO [inventory,,,] 12936 --- [restartedMain] o.s.s.concurrent.ThreadPoolTaskExecutor  : Initializing ExecutorService 'applicationTaskExecutor'
2021-06-18 07:00:45.814  INFO [inventory,,,] 12936 --- [restartedMain] DiscoveryClientOptionalArgsConfiguration : Eureka HTTP Client uses Jersey
2021-06-18 07:00:45.853  WARN [inventory,,,] 12936 --- [restartedMain] ockingLoadBalancerClientRibbonWarnLogger : You already have RibbonLoadBalancerClient on your classpath. It will be used by default. As Spring Cloud Ribbon is in maintenance mode. We recommend switching to BlockingLoadBalancerClient instead. In order to use it, set the value of `spring.cloud.loadbalancer.ribbon.enabled` to `false` or remove spring-cloud-starter-netflix-ribbon from your project.
2021-06-18 07:00:46.069  INFO [inventory,,,] 12936 --- [restartedMain] o.s.b.a.e.web.EndpointLinksResolver      : Exposing 19 endpoint(s) beneath base path ''
2021-06-18 07:00:46.105  INFO [inventory,,,] 12936 --- [restartedMain] o.s.c.n.eureka.InstanceInfoFactory       : Setting initial instance status as: STARTING
2021-06-18 07:00:46.108  INFO [inventory,,,] 12936 --- [restartedMain] com.netflix.discovery.DiscoveryClient    : Initializing Eureka in region us-east-1
2021-06-18 07:00:46.111  INFO [inventory,,,] 12936 --- [restartedMain] c.n.d.provider.DiscoveryJerseyProvider   : Using JSON encoding codec LegacyJacksonJson
2021-06-18 07:00:46.111  INFO [inventory,,,] 12936 --- [restartedMain] c.n.d.provider.DiscoveryJerseyProvider   : Using JSON decoding codec LegacyJacksonJson
2021-06-18 07:00:46.112  INFO [inventory,,,] 12936 --- [restartedMain] c.n.d.provider.DiscoveryJerseyProvider   : Using XML encoding codec XStreamXml
2021-06-18 07:00:46.112  INFO [inventory,,,] 12936 --- [restartedMain] c.n.d.provider.DiscoveryJerseyProvider   : Using XML decoding codec XStreamXml
2021-06-18 07:00:46.288  INFO [inventory,,,] 12936 --- [restartedMain] c.n.d.s.r.aws.ConfigClusterResolver      : Resolving eureka endpoints via configuration
2021-06-18 07:00:46.288  INFO [inventory,,,] 12936 --- [restartedMain] com.netflix.discovery.DiscoveryClient    : Disable delta property : false
2021-06-18 07:00:46.289  INFO [inventory,,,] 12936 --- [restartedMain] com.netflix.discovery.DiscoveryClient    : Single vip registry refresh property : null
2021-06-18 07:00:46.293  INFO [inventory,,,] 12936 --- [restartedMain] com.netflix.discovery.DiscoveryClient    : Force full registry fetch : false
2021-06-18 07:00:46.293  INFO [inventory,,,] 12936 --- [restartedMain] com.netflix.discovery.DiscoveryClient    : Application is null : false
2021-06-18 07:00:46.293  INFO [inventory,,,] 12936 --- [restartedMain] com.netflix.discovery.DiscoveryClient    : Registered Applications size is zero : true
2021-06-18 07:00:46.294  INFO [inventory,,,] 12936 --- [restartedMain] com.netflix.discovery.DiscoveryClient    : Application version is -1: true
2021-06-18 07:00:46.294  INFO [inventory,,,] 12936 --- [restartedMain] com.netflix.discovery.DiscoveryClient    : Getting all instance registry info from the eureka server
2021-06-18 07:00:46.298  INFO [inventory,,,] 12936 --- [restartedMain] com.netflix.discovery.DiscoveryClient    : The response status is 200
2021-06-18 07:00:46.299  INFO [inventory,,,] 12936 --- [restartedMain] com.netflix.discovery.DiscoveryClient    : Starting heartbeat executor: renew interval is: 30
2021-06-18 07:00:46.302  INFO [inventory,,,] 12936 --- [restartedMain] c.n.discovery.InstanceInfoReplicator     : InstanceInfoReplicator onDemand update allowed rate per min is 4
2021-06-18 07:00:46.303  INFO [inventory,,,] 12936 --- [restartedMain] com.netflix.discovery.DiscoveryClient    : Discovery Client initialized at timestamp 1623979846303 with initial instances count: 1
2021-06-18 07:00:46.310  INFO [inventory,,,] 12936 --- [restartedMain] o.s.c.n.e.s.EurekaServiceRegistry        : Registering application INVENTORY with eureka with status UP
2021-06-18 07:00:46.311  INFO [inventory,,,] 12936 --- [restartedMain] com.netflix.discovery.DiscoveryClient    : Saw local status change event StatusChangeEvent [timestamp=1623979846311, current=UP, previous=STARTING]
2021-06-18 07:00:46.311  INFO [inventory,,,] 12936 --- [DiscoveryClient-InstanceInfoReplicator-0] com.netflix.discovery.DiscoveryClient    : DiscoveryClient_INVENTORY/DS-GFGW7Q2.HCLT.CORP.HCL.IN:inventory: registering service...
2021-06-18 07:00:46.318  INFO [inventory,,,] 12936 --- [restartedMain] o.s.b.w.embedded.tomcat.TomcatWebServer  : Tomcat started on port(s): 8080 (http) with context path ''
2021-06-18 07:00:46.320  INFO [inventory,,,] 12936 --- [restartedMain] .s.c.n.e.s.EurekaAutoServiceRegistration : Updating port to 8080
2021-06-18 07:00:46.332  INFO [inventory,,,] 12936 --- [DiscoveryClient-InstanceInfoReplicator-0] com.netflix.discovery.DiscoveryClient    : DiscoveryClient_INVENTORY/DS-GFGW7Q2.HCLT.CORP.HCL.IN:inventory - registration status: 204
2021-06-18 07:00:46.414  INFO [inventory,,,] 12936 --- [restartedMain] h.p.inventory.InventoryApplication       : Started InventoryApplication in 5.716 seconds (JVM running for 2041.449)
2021-06-18 07:00:46.416  INFO [inventory,,,] 12936 --- [restartedMain] .ConditionEvaluationDeltaLoggingListener : Condition evaluation unchanged
2021-06-18 07:01:01.488  INFO [inventory,,,] 12936 --- [Thread-93] o.s.c.n.e.s.EurekaServiceRegistry        : Unregistering application INVENTORY with eureka with status DOWN
2021-06-18 07:01:01.488  INFO [inventory,,,] 12936 --- [Thread-93] com.netflix.discovery.DiscoveryClient    : Saw local status change event StatusChangeEvent [timestamp=1623979861488, current=DOWN, previous=UP]
2021-06-18 07:01:01.490  INFO [inventory,,,] 12936 --- [DiscoveryClient-InstanceInfoReplicator-0] com.netflix.discovery.DiscoveryClient    : DiscoveryClient_INVENTORY/DS-GFGW7Q2.HCLT.CORP.HCL.IN:inventory: registering service...
2021-06-18 07:01:01.543  INFO [inventory,,,] 12936 --- [DiscoveryClient-InstanceInfoReplicator-0] com.netflix.discovery.DiscoveryClient    : DiscoveryClient_INVENTORY/DS-GFGW7Q2.HCLT.CORP.HCL.IN:inventory - registration status: 204
2021-06-18 07:01:01.563  INFO [inventory,,,] 12936 --- [Thread-93] o.s.s.concurrent.ThreadPoolTaskExecutor  : Shutting down ExecutorService 'applicationTaskExecutor'
2021-06-18 07:01:01.564  INFO [inventory,,,] 12936 --- [Thread-93] j.LocalContainerEntityManagerFactoryBean : Closing JPA EntityManagerFactory for persistence unit 'default'
2021-06-18 07:01:01.564  INFO [inventory,,,] 12936 --- [Thread-93] .SchemaDropperImpl$DelayedDropActionImpl : HHH000477: Starting delayed evictData of schema as part of SessionFactory shut-down'
2021-06-18 07:01:01.776  WARN [inventory,,,] 12936 --- [Thread-93] o.s.b.f.support.DisposableBeanAdapter    : Invocation of destroy method failed on bean with name 'inMemoryDatabaseShutdownExecutor': org.h2.jdbc.JdbcSQLNonTransientConnectionException: Database is already closed (to disable automatic closing at VM shutdown, add ";DB_CLOSE_ON_EXIT=FALSE" to the db URL) [90121-200]
2021-06-18 07:01:02.779  INFO [inventory,,,] 12936 --- [Thread-93] com.zaxxer.hikari.HikariDataSource       : HikariPool-10 - Shutdown initiated...
2021-06-18 07:01:02.783  INFO [inventory,,,] 12936 --- [Thread-93] com.zaxxer.hikari.HikariDataSource       : HikariPool-10 - Shutdown completed.
2021-06-18 07:01:02.785  INFO [inventory,,,] 12936 --- [Thread-93] com.netflix.discovery.DiscoveryClient    : Shutting down DiscoveryClient ...
2021-06-18 07:01:05.786  INFO [inventory,,,] 12936 --- [Thread-93] com.netflix.discovery.DiscoveryClient    : Unregistering ...
2021-06-18 07:01:05.803  INFO [inventory,,,] 12936 --- [Thread-93] com.netflix.discovery.DiscoveryClient    : DiscoveryClient_INVENTORY/DS-GFGW7Q2.HCLT.CORP.HCL.IN:inventory - deregister  status: 200
2021-06-18 07:01:05.808  INFO [inventory,,,] 12936 --- [Thread-93] com.netflix.discovery.DiscoveryClient    : Completed shut down of DiscoveryClient
